<?xml version="1.0" encoding="UTF-8"?>
<!-- Generated by org.testng.reporters.JUnitReportReporter -->
<testsuite skipped="0" hostname="DESKTOP-SI7L2Q9" name="com.banking1.testcases.logintestcase_1" tests="1" failures="0" timestamp="2021-03-02T16:28:13 IST" time="5.737" errors="0">
  <testcase name="logintest" time="5.737" classname="com.banking1.testcases.logintestcase_1"/>
  <system-out/>
</testsuite> <!-- com.banking1.testcases.logintestcase_1 -->
