<?xml version="1.0" encoding="UTF-8"?>
<!-- Generated by org.testng.reporters.JUnitReportReporter -->
<testsuite skipped="0" hostname="DESKTOP-SI7L2Q9" name="com.banking1.testcases.addcustomertestcase_1" tests="1" failures="0" timestamp="2021-03-02T16:19:23 IST" time="41.888" errors="0">
  <testcase name="addnewcustomer" time="41.888" classname="com.banking1.testcases.addcustomertestcase_1"/>
  <system-out/>
</testsuite> <!-- com.banking1.testcases.addcustomertestcase_1 -->
